Assembler report for Genesis
Fri Jan 31 14:01:07 2020
Quartus Prime Version 17.1.0 Build 590 10/25/2017 SJ Lite Edition


---------------------
; Table of Contents ;
---------------------
  1. Legal Notice
  2. Assembler Summary
  3. Assembler Settings
  4. Assembler Encrypted IP Cores Summary
  5. Assembler Generated Files
  6. Assembler Device Options: F:/repos/Genesis_MiSTer_SNAC/output_files/Genesis.sof
  7. Assembler Device Options: F:/repos/Genesis_MiSTer_SNAC/output_files/Genesis.rbf
  8. Assembler Messages



----------------
; Legal Notice ;
----------------
Copyright (C) 2017  Intel Corporation. All rights reserved.
Your use of Intel Corporation's design tools, logic functions 
and other software and tools, and its AMPP partner logic 
functions, and any output files from any of the foregoing 
(including device programming or simulation files), and any 
associated documentation or information are expressly subject 
to the terms and conditions of the Intel Program License 
Subscription Agreement, the Intel Quartus Prime License Agreement,
the Intel FPGA IP License Agreement, or other applicable license
agreement, including, without limitation, that your use is for
the sole purpose of programming logic devices manufactured by
Intel and sold by Intel or its authorized distributors.  Please
refer to the applicable agreement for further details.



+---------------------------------------------------------------+
; Assembler Summary                                             ;
+-----------------------+---------------------------------------+
; Assembler Status      ; Successful - Fri Jan 31 14:01:07 2020 ;
; Revision Name         ; Genesis                               ;
; Top-level Entity Name ; sys_top                               ;
; Family                ; Cyclone V                             ;
; Device                ; 5CSEBA6U23I7                          ;
+-----------------------+---------------------------------------+


+----------------------------------+
; Assembler Settings               ;
+--------+---------+---------------+
; Option ; Setting ; Default Value ;
+--------+---------+---------------+


+------------------------------------------------+
; Assembler Encrypted IP Cores Summary           ;
+--------+------------------------+--------------+
; Vendor ; IP Core Name           ; License Type ;
+--------+------------------------+--------------+
; Altera ; Signal Tap (6AF7 BCE1) ; Licensed     ;
; Altera ; Signal Tap (6AF7 BCEC) ; Licensed     ;
+--------+------------------------+--------------+


+-------------------------------------------------------+
; Assembler Generated Files                             ;
+-------------------------------------------------------+
; File Name                                             ;
+-------------------------------------------------------+
; F:/repos/Genesis_MiSTer_SNAC/output_files/Genesis.sof ;
; F:/repos/Genesis_MiSTer_SNAC/output_files/Genesis.rbf ;
+-------------------------------------------------------+


+---------------------------------------------------------------------------------+
; Assembler Device Options: F:/repos/Genesis_MiSTer_SNAC/output_files/Genesis.sof ;
+----------------+----------------------------------------------------------------+
; Option         ; Setting                                                        ;
+----------------+----------------------------------------------------------------+
; JTAG usercode  ; 0x0A6371DE                                                     ;
; Checksum       ; 0x0A6371DE                                                     ;
+----------------+----------------------------------------------------------------+


+---------------------------------------------------------------------------------+
; Assembler Device Options: F:/repos/Genesis_MiSTer_SNAC/output_files/Genesis.rbf ;
+---------------------+-----------------------------------------------------------+
; Option              ; Setting                                                   ;
+---------------------+-----------------------------------------------------------+
; Raw Binary File     ;                                                           ;
;  Compression Ratio  ; 1                                                         ;
+---------------------+-----------------------------------------------------------+


+--------------------+
; Assembler Messages ;
+--------------------+
Info: *******************************************************************
Info: Running Quartus Prime Assembler
    Info: Version 17.1.0 Build 590 10/25/2017 SJ Lite Edition
    Info: Processing started: Fri Jan 31 13:59:56 2020
Info: Command: quartus_asm --read_settings_files=off --write_settings_files=off Genesis -c Genesis
Info (115030): Assembler is generating device programming files
Info: Quartus Prime Assembler was successful. 0 errors, 0 warnings
    Info: Peak virtual memory: 1090 megabytes
    Info: Processing ended: Fri Jan 31 14:01:08 2020
    Info: Elapsed time: 00:01:12
    Info: Total CPU time (on all processors): 00:01:07


